Arguments: 
  /Users/brian.ridge/.nvm/versions/node/v9.11.1/bin/node /usr/local/Cellar/yarn/1.3.2/libexec/bin/yarn.js add image-loader-webpack

PATH: 
  /Users/brian.ridge/.nvm/versions/node/v9.11.1/bin:/usr/local/bin:/usr/bin:/bin:/usr/sbin:/sbin:bin

Yarn version: 
  1.3.2

Node version: 
  9.11.1

Platform: 
  darwin x64

npm manifest: 
  {
    "name": "js_modules",
    "version": "1.0.0",
    "description": "",
    "main": "index.js",
    "scripts": {
      "build": "webpack"
    },
    "author": "",
    "license": "ISC",
    "devDependencies": {
      "babel-core": "^6.26.3",
      "babel-loader": "^7.1.5",
      "babel-preset-env": "^1.7.0",
      "css-loader": "^1.0.0",
      "extract-text-webpack-plugin": "^2.0.0-beta.4",
      "style-loader": "^0.21.0",
      "url-loader": "^1.0.1",
      "webpack": "^2.2.0-rc.0"
    }
  }

yarn manifest: 
  No manifest

Lockfile: 
  No lockfile

Trace: 
  Error: https://artifactory.global.dish.com/artifactory/api/npm/npm-virtual/image-loader-webpack: not_found
      at Request.params.callback [as _callback] (/usr/local/Cellar/yarn/1.3.2/libexec/lib/cli.js:62098:18)
      at Request.self.callback (/usr/local/Cellar/yarn/1.3.2/libexec/lib/cli.js:123085:22)
      at Request.emit (events.js:180:13)
      at Request.<anonymous> (/usr/local/Cellar/yarn/1.3.2/libexec/lib/cli.js:124068:10)
      at Request.emit (events.js:180:13)
      at IncomingMessage.<anonymous> (/usr/local/Cellar/yarn/1.3.2/libexec/lib/cli.js:123988:12)
      at Object.onceWrapper (events.js:272:13)
      at IncomingMessage.emit (events.js:185:15)
      at endReadableNT (_stream_readable.js:1106:12)
      at process._tickCallback (internal/process/next_tick.js:178:19)
